<?xml version="1.0" encoding="UTF-8"?>
<!-- Generated by org.testng.reporters.JUnitReportReporter -->
<testsuite skipped="0" hostname="LAPTOP-FTVU7BEV" name="sample1.SampleTest1" tests="1" failures="0" timestamp="31 Jan 2022 04:49:06 GMT" time="20.852" errors="0">
  <testcase name="googleTest" time="20.852" classname="sample1.SampleTest1"/>
</testsuite> <!-- sample1.SampleTest1 -->
